0 info it worked if it ends with ok
1 verbose cli [ '/usr/bin/node', '/usr/bin/npm', 'run', 'build' ]
2 info using npm@3.5.2
3 info using node@v8.10.0
4 verbose run-script [ 'prebuild', 'build', 'postbuild' ]
5 info lifecycle pur_beurre@6.0.2~prebuild: pur_beurre@6.0.2
6 silly lifecycle pur_beurre@6.0.2~prebuild: no script for prebuild, continuing
7 info lifecycle pur_beurre@6.0.2~build: pur_beurre@6.0.2
8 verbose lifecycle pur_beurre@6.0.2~build: unsafe-perm in lifecycle true
9 verbose lifecycle pur_beurre@6.0.2~build: PATH: /usr/share/npm/bin/node-gyp-bin:/home/home/Desktop/openclassroom/projet_huit/static/node_modules/.bin:/home/home/.local/share/virtualenvs/projet_huit-n9ltvK75/bin:/home/home/.local/bin:/home/home/.local/bin:/usr/local/sbin:/usr/local/bin:/usr/sbin:/usr/bin:/sbin:/bin:/usr/games:/usr/local/games:/snap/bin
10 verbose lifecycle pur_beurre@6.0.2~build: CWD: /home/home/Desktop/openclassroom/projet_huit/static
11 silly lifecycle pur_beurre@6.0.2~build: Args: [ '-c',
11 silly lifecycle   'npm run clean && npm run build:pug && npm run build:scss && npm run build:scripts && npm run build:assets' ]
12 silly lifecycle pur_beurre@6.0.2~build: Returned: code: 1  signal: null
13 info lifecycle pur_beurre@6.0.2~build: Failed to exec build script
14 verbose stack Error: pur_beurre@6.0.2 build: `npm run clean && npm run build:pug && npm run build:scss && npm run build:scripts && npm run build:assets`
14 verbose stack Exit status 1
14 verbose stack     at EventEmitter.<anonymous> (/usr/share/npm/lib/utils/lifecycle.js:232:16)
14 verbose stack     at emitTwo (events.js:126:13)
14 verbose stack     at EventEmitter.emit (events.js:214:7)
14 verbose stack     at ChildProcess.<anonymous> (/usr/share/npm/lib/utils/spawn.js:24:14)
14 verbose stack     at emitTwo (events.js:126:13)
14 verbose stack     at ChildProcess.emit (events.js:214:7)
14 verbose stack     at maybeClose (internal/child_process.js:925:16)
14 verbose stack     at Process.ChildProcess._handle.onexit (internal/child_process.js:209:5)
15 verbose pkgid pur_beurre@6.0.2
16 verbose cwd /home/home/Desktop/openclassroom/projet_huit/static
17 error Linux 5.3.0-53-generic
18 error argv "/usr/bin/node" "/usr/bin/npm" "run" "build"
19 error node v8.10.0
20 error npm  v3.5.2
21 error code ELIFECYCLE
22 error pur_beurre@6.0.2 build: `npm run clean && npm run build:pug && npm run build:scss && npm run build:scripts && npm run build:assets`
22 error Exit status 1
23 error Failed at the pur_beurre@6.0.2 build script 'npm run clean && npm run build:pug && npm run build:scss && npm run build:scripts && npm run build:assets'.
23 error Make sure you have the latest version of node.js and npm installed.
23 error If you do, this is most likely a problem with the pur_beurre package,
23 error not with npm itself.
23 error Tell the author that this fails on your system:
23 error     npm run clean && npm run build:pug && npm run build:scss && npm run build:scripts && npm run build:assets
23 error You can get information on how to open an issue for this project with:
23 error     npm bugs pur_beurre
23 error Or if that isn't available, you can get their info via:
23 error     npm owner ls pur_beurre
23 error There is likely additional logging output above.
24 verbose exit [ 1, true ]
